<?xml version="1.0" encoding="UTF-8"?>
<testng-results ignored="1" total="9" passed="8" failed="0" skipped="0">
  <reporter-output>
    <line>
      <![CDATA[[2022-10-18 22:21:18,352] Pre-Condition: Step 1: Click on Login link
<br>]]>
    </line>
    <line>
      <![CDATA[[2022-10-18 22:21:20,137] Pre-Condition: Step 2: Input to Email textbox with: maurita.walsh@hotmail.com
<br>]]>
    </line>
    <line>
      <![CDATA[[2022-10-18 22:21:20,336] Pre-Condition: Step 3: Input to Email textbox with: %L7k!fLw7
<br>]]>
    </line>
    <line>
      <![CDATA[[2022-10-18 22:21:20,514] Pre-Condition: Step 4: Click on Login button
<br>]]>
    </line>
    <line>
      <![CDATA[[2022-10-18 22:21:21,364] Pre-Condition: Step 5: Verify My Account link display after Login successfull
<br>]]>
    </line>
    <line>
      <![CDATA[[2022-10-18 22:21:21,812] Step 1: Click on Search link at footer
<br>]]>
    </line>
    <line>
      <![CDATA[[2022-10-18 22:21:22,912] Step 2: Click on Search link at footer
<br>]]>
    </line>
    <line>
      <![CDATA[[2022-10-18 22:21:23,455] Step 3: Click on Search link at footer
<br>]]>
    </line>
    <line>
      <![CDATA[[2022-10-18 22:21:23,549] Step 1: Click on Search link at footer
<br>]]>
    </line>
    <line>
      <![CDATA[[2022-10-18 22:21:24,153] Step 1: Input to Search textbox with data: Macbook Pro 2050
<br>]]>
    </line>
    <line>
      <![CDATA[[2022-10-18 22:21:24,348] Step 3: Click on Search link at footer
<br>]]>
    </line>
    <line>
      <![CDATA[[2022-10-18 22:21:24,824] Step 4: Verify the message 'No products were found that matched your criteria.' display
<br>]]>
    </line>
    <line>
      <![CDATA[[2022-10-18 22:21:24,894] Step 1: Click on Search link at footer
<br>]]>
    </line>
    <line>
      <![CDATA[[2022-10-18 22:21:25,348] Step 1: Input to Search textbox with data: Lenovo
<br>]]>
    </line>
    <line>
      <![CDATA[[2022-10-18 22:21:25,510] Step 3: Click on Search link at footer
<br>]]>
    </line>
    <line>
      <![CDATA[[2022-10-18 22:21:26,292] Step 4: Verify 2 products display
<br>]]>
    </line>
    <line>
      <![CDATA[[2022-10-18 22:21:26,416] Step 1: Click on Search link at footer
<br>]]>
    </line>
    <line>
      <![CDATA[[2022-10-18 22:21:26,863] Step 1: Input to Search textbox with data: Thinkpad X1 Carbon
<br>]]>
    </line>
    <line>
      <![CDATA[[2022-10-18 22:21:27,035] Step 3: Click on Search link at footer
<br>]]>
    </line>
    <line>
      <![CDATA[[2022-10-18 22:21:27,497] Step 4: Verify 'Lenovo Thinkpad X1 Carbon Laptop' products display
<br>]]>
    </line>
    <line>
      <![CDATA[[2022-10-18 22:21:27,556] Step 1: Click on Search link at footer
<br>]]>
    </line>
    <line>
      <![CDATA[[2022-10-18 22:21:28,041] Step 2: Input to Search textbox with data: Apple MacBook Pro
<br>]]>
    </line>
    <line>
      <![CDATA[[2022-10-18 22:21:28,212] Step 3: Input to Search textbox with data: Apple MacBook Pro
<br>]]>
    </line>
    <line>
      <![CDATA[[2022-10-18 22:21:28,343] Step 4: Select 'Computers' item in category
<br>]]>
    </line>
    <line>
      <![CDATA[[2022-10-18 22:21:28,511] Step 5: Click on Search button
<br>]]>
    </line>
    <line>
      <![CDATA[[2022-10-18 22:21:28,974] Step 6: Verify the message 'No products were found that matched your criteria.' display
<br>]]>
    </line>
    <line>
      <![CDATA[[2022-10-18 22:21:29,038] Step 1: Click on Search link at footer
<br>]]>
    </line>
    <line>
      <![CDATA[[2022-10-18 22:21:29,494] Step 2: Input to Search textbox with data: Apple MacBook Pro
<br>]]>
    </line>
    <line>
      <![CDATA[[2022-10-18 22:21:29,684] Step 3: Click on Advance checkbox
<br>]]>
    </line>
    <line>
      <![CDATA[[2022-10-18 22:21:29,807] Step 4: Select 'Computers' item in category
<br>]]>
    </line>
    <line>
      <![CDATA[[2022-10-18 22:21:29,965] Step 5: Click on 'Automatically search sub categories' checkbox
<br>]]>
    </line>
    <line>
      <![CDATA[[2022-10-18 22:21:30,078] Step 6: Click on Search button
<br>]]>
    </line>
    <line>
      <![CDATA[[2022-10-18 22:21:30,589] Step 7: Verify 'Apple MacBook Pro 13-inch' products display
<br>]]>
    </line>
    <line>
      <![CDATA[[2022-10-18 22:21:30,633] Step 1: Click on Search link at footer
<br>]]>
    </line>
    <line>
      <![CDATA[[2022-10-18 22:21:31,090] Step 2: Input to Search textbox with data: Apple MacBook Pro
<br>]]>
    </line>
    <line>
      <![CDATA[[2022-10-18 22:21:31,264] Step 3: Click on Advance checkbox
<br>]]>
    </line>
    <line>
      <![CDATA[[2022-10-18 22:21:31,394] Step 4: Select 'Computers' item in category
<br>]]>
    </line>
    <line>
      <![CDATA[[2022-10-18 22:21:31,564] Step 5: Click on 'Automatically search sub categories' checkbox
<br>]]>
    </line>
    <line>
      <![CDATA[[2022-10-18 22:21:31,682] Step 6: Select 'HP' item in Manufacturer
<br>]]>
    </line>
    <line>
      <![CDATA[[2022-10-18 22:21:31,862] Step 7: Click on Search button
<br>]]>
    </line>
    <line>
      <![CDATA[[2022-10-18 22:21:32,329] Step 8: Verify the message 'No products were found that matched your criteria.' display
<br>]]>
    </line>
    <line>
      <![CDATA[[2022-10-18 22:21:32,397] Step 1: Click on Search link at footer
<br>]]>
    </line>
    <line>
      <![CDATA[[2022-10-18 22:21:32,844] Step 2: Input to Search textbox with data: Apple MacBook Pro
<br>]]>
    </line>
    <line>
      <![CDATA[[2022-10-18 22:21:33,028] Step 3: Click on Advance checkbox
<br>]]>
    </line>
    <line>
      <![CDATA[[2022-10-18 22:21:33,148] Step 4: Select 'Computers' item in category
<br>]]>
    </line>
    <line>
      <![CDATA[[2022-10-18 22:21:33,317] Step 5: Click on 'Automatically search sub categories' checkbox
<br>]]>
    </line>
    <line>
      <![CDATA[[2022-10-18 22:21:33,443] Step 6: Select 'HP' item in Manufacturer
<br>]]>
    </line>
    <line>
      <![CDATA[[2022-10-18 22:21:33,593] Step 7: Click on Search button
<br>]]>
    </line>
    <line>
      <![CDATA[[2022-10-18 22:21:34,062] Step 8: Verify 'Apple MacBook Pro 13-inch' products display
<br>]]>
    </line>
    <line>
      <![CDATA[[2022-10-18 22:21:34,106] OS name = windows 10
<br>]]>
    </line>
    <line>
      <![CDATA[[2022-10-18 22:21:34,106] Driver instance name = chromedriver: chrome on windows (8a47196e9185418085ec4092fdd61f8d)
<br>]]>
    </line>
  </reporter-output>
  <suite started-at="2022-10-18T15:21:02Z" name="NopCommerce" finished-at="2022-10-18T15:21:34Z" duration-ms="32543">
    <groups>
    </groups>
    <test started-at="2022-10-18T15:21:02Z" name="Run on Chorme" finished-at="2022-10-18T15:21:34Z" duration-ms="32543">
      <class name="hybrid.nopcommerce.commons.Register_Commons">
        <test-method is-config="true" signature="initBeforeSuite()[pri:0, instance:hybrid.nopcommerce.commons.Register_Commons@17fc391b]" started-at="2022-10-18T15:21:02Z" name="initBeforeSuite" finished-at="2022-10-18T15:21:02Z" duration-ms="57" status="PASS">
          <reporter-output>
          </reporter-output>
        </test-method> <!-- initBeforeSuite -->
        <test-method is-config="true" signature="beforeTest(java.lang.String, java.lang.String)[pri:0, instance:hybrid.nopcommerce.commons.Register_Commons@17fc391b]" started-at="2022-10-18T15:21:02Z" name="beforeTest" finished-at="2022-10-18T15:21:14Z" duration-ms="12377" status="PASS">
          <params>
            <param index="0">
              <value>
                <![CDATA[chrome]]>
              </value>
            </param>
            <param index="1">
              <value>
                <![CDATA[staging]]>
              </value>
            </param>
          </params>
          <reporter-output>
          </reporter-output>
        </test-method> <!-- beforeTest -->
        <test-method is-config="true" signature="afterTest()[pri:0, instance:hybrid.nopcommerce.commons.Register_Commons@17fc391b]" started-at="2022-10-18T15:21:34Z" name="afterTest" finished-at="2022-10-18T15:21:34Z" duration-ms="1" status="PASS">
          <reporter-output>
          </reporter-output>
        </test-method> <!-- afterTest -->
      </class> <!-- hybrid.nopcommerce.commons.Register_Commons -->
      <class name="hybrid.nopcommerce.user.NopCommerce_Search">
        <test-method is-config="true" signature="beforeClass(java.lang.String, java.lang.String)[pri:0, instance:hybrid.nopcommerce.user.NopCommerce_Search@2b30a42c]" started-at="2022-10-18T15:21:14Z" name="beforeClass" finished-at="2022-10-18T15:21:21Z" duration-ms="6691" status="PASS">
          <params>
            <param index="0">
              <value>
                <![CDATA[chrome]]>
              </value>
            </param>
            <param index="1">
              <value>
                <![CDATA[staging]]>
              </value>
            </param>
          </params>
          <reporter-output>
            <line>
              <![CDATA[[2022-10-18 22:21:18,352] Pre-Condition: Step 1: Click on Login link
<br>]]>
            </line>
            <line>
              <![CDATA[[2022-10-18 22:21:20,137] Pre-Condition: Step 2: Input to Email textbox with: maurita.walsh@hotmail.com
<br>]]>
            </line>
            <line>
              <![CDATA[[2022-10-18 22:21:20,336] Pre-Condition: Step 3: Input to Email textbox with: %L7k!fLw7
<br>]]>
            </line>
            <line>
              <![CDATA[[2022-10-18 22:21:20,514] Pre-Condition: Step 4: Click on Login button
<br>]]>
            </line>
            <line>
              <![CDATA[[2022-10-18 22:21:21,364] Pre-Condition: Step 5: Verify My Account link display after Login successfull
<br>]]>
            </line>
          </reporter-output>
        </test-method> <!-- beforeClass -->
        <test-method signature="TC_01_Search_Empty_Data(java.lang.reflect.Method)[pri:0, instance:hybrid.nopcommerce.user.NopCommerce_Search@2b30a42c]" started-at="2022-10-18T15:21:21Z" name="TC_01_Search_Empty_Data" finished-at="2022-10-18T15:21:23Z" duration-ms="2096" status="PASS">
          <params>
            <param index="0">
              <value>
                <![CDATA[public void hybrid.nopcommerce.user.NopCommerce_Search.TC_01_Search_Empty_Data(java.lang.reflect.Method)]]>
              </value>
            </param>
          </params>
          <reporter-output>
            <line>
              <![CDATA[[2022-10-18 22:21:21,812] Step 1: Click on Search link at footer
<br>]]>
            </line>
            <line>
              <![CDATA[[2022-10-18 22:21:22,912] Step 2: Click on Search link at footer
<br>]]>
            </line>
            <line>
              <![CDATA[[2022-10-18 22:21:23,455] Step 3: Click on Search link at footer
<br>]]>
            </line>
          </reporter-output>
        </test-method> <!-- TC_01_Search_Empty_Data -->
        <test-method signature="TC_02_Search_With_Data_Not_Exsit(java.lang.reflect.Method)[pri:0, instance:hybrid.nopcommerce.user.NopCommerce_Search@2b30a42c]" started-at="2022-10-18T15:21:23Z" name="TC_02_Search_With_Data_Not_Exsit" finished-at="2022-10-18T15:21:24Z" duration-ms="1344" status="PASS">
          <params>
            <param index="0">
              <value>
                <![CDATA[public void hybrid.nopcommerce.user.NopCommerce_Search.TC_02_Search_With_Data_Not_Exsit(java.lang.reflect.Method)]]>
              </value>
            </param>
          </params>
          <reporter-output>
            <line>
              <![CDATA[[2022-10-18 22:21:23,549] Step 1: Click on Search link at footer
<br>]]>
            </line>
            <line>
              <![CDATA[[2022-10-18 22:21:24,153] Step 1: Input to Search textbox with data: Macbook Pro 2050
<br>]]>
            </line>
            <line>
              <![CDATA[[2022-10-18 22:21:24,348] Step 3: Click on Search link at footer
<br>]]>
            </line>
            <line>
              <![CDATA[[2022-10-18 22:21:24,824] Step 4: Verify the message 'No products were found that matched your criteria.' display
<br>]]>
            </line>
          </reporter-output>
        </test-method> <!-- TC_02_Search_With_Data_Not_Exsit -->
        <test-method signature="TC_03_Search_With_Product_Name(java.lang.reflect.Method)[pri:0, instance:hybrid.nopcommerce.user.NopCommerce_Search@2b30a42c]" started-at="2022-10-18T15:21:24Z" name="TC_03_Search_With_Product_Name" finished-at="2022-10-18T15:21:26Z" duration-ms="1520" status="PASS">
          <params>
            <param index="0">
              <value>
                <![CDATA[public void hybrid.nopcommerce.user.NopCommerce_Search.TC_03_Search_With_Product_Name(java.lang.reflect.Method)]]>
              </value>
            </param>
          </params>
          <reporter-output>
            <line>
              <![CDATA[[2022-10-18 22:21:24,894] Step 1: Click on Search link at footer
<br>]]>
            </line>
            <line>
              <![CDATA[[2022-10-18 22:21:25,348] Step 1: Input to Search textbox with data: Lenovo
<br>]]>
            </line>
            <line>
              <![CDATA[[2022-10-18 22:21:25,510] Step 3: Click on Search link at footer
<br>]]>
            </line>
            <line>
              <![CDATA[[2022-10-18 22:21:26,292] Step 4: Verify 2 products display
<br>]]>
            </line>
          </reporter-output>
        </test-method> <!-- TC_03_Search_With_Product_Name -->
        <test-method signature="TC_04_Search_With_Product_Name(java.lang.reflect.Method)[pri:0, instance:hybrid.nopcommerce.user.NopCommerce_Search@2b30a42c]" started-at="2022-10-18T15:21:26Z" name="TC_04_Search_With_Product_Name" finished-at="2022-10-18T15:21:27Z" duration-ms="1140" status="PASS">
          <params>
            <param index="0">
              <value>
                <![CDATA[public void hybrid.nopcommerce.user.NopCommerce_Search.TC_04_Search_With_Product_Name(java.lang.reflect.Method)]]>
              </value>
            </param>
          </params>
          <reporter-output>
            <line>
              <![CDATA[[2022-10-18 22:21:26,416] Step 1: Click on Search link at footer
<br>]]>
            </line>
            <line>
              <![CDATA[[2022-10-18 22:21:26,863] Step 1: Input to Search textbox with data: Thinkpad X1 Carbon
<br>]]>
            </line>
            <line>
              <![CDATA[[2022-10-18 22:21:27,035] Step 3: Click on Search link at footer
<br>]]>
            </line>
            <line>
              <![CDATA[[2022-10-18 22:21:27,497] Step 4: Verify 'Lenovo Thinkpad X1 Carbon Laptop' products display
<br>]]>
            </line>
          </reporter-output>
        </test-method> <!-- TC_04_Search_With_Product_Name -->
        <test-method signature="TC_05_Advance_Search_With_Parent_Category(java.lang.reflect.Method)[pri:0, instance:hybrid.nopcommerce.user.NopCommerce_Search@2b30a42c]" started-at="2022-10-18T15:21:27Z" name="TC_05_Advance_Search_With_Parent_Category" finished-at="2022-10-18T15:21:29Z" duration-ms="1482" status="PASS">
          <params>
            <param index="0">
              <value>
                <![CDATA[public void hybrid.nopcommerce.user.NopCommerce_Search.TC_05_Advance_Search_With_Parent_Category(java.lang.reflect.Method)]]>
              </value>
            </param>
          </params>
          <reporter-output>
            <line>
              <![CDATA[[2022-10-18 22:21:27,556] Step 1: Click on Search link at footer
<br>]]>
            </line>
            <line>
              <![CDATA[[2022-10-18 22:21:28,041] Step 2: Input to Search textbox with data: Apple MacBook Pro
<br>]]>
            </line>
            <line>
              <![CDATA[[2022-10-18 22:21:28,212] Step 3: Input to Search textbox with data: Apple MacBook Pro
<br>]]>
            </line>
            <line>
              <![CDATA[[2022-10-18 22:21:28,343] Step 4: Select 'Computers' item in category
<br>]]>
            </line>
            <line>
              <![CDATA[[2022-10-18 22:21:28,511] Step 5: Click on Search button
<br>]]>
            </line>
            <line>
              <![CDATA[[2022-10-18 22:21:28,974] Step 6: Verify the message 'No products were found that matched your criteria.' display
<br>]]>
            </line>
          </reporter-output>
        </test-method> <!-- TC_05_Advance_Search_With_Parent_Category -->
        <test-method signature="TC_06_Advance_Search_With_Sub_Category(java.lang.reflect.Method)[pri:0, instance:hybrid.nopcommerce.user.NopCommerce_Search@2b30a42c]" started-at="2022-10-18T15:21:29Z" name="TC_06_Advance_Search_With_Sub_Category" finished-at="2022-10-18T15:21:30Z" duration-ms="1594" status="PASS">
          <params>
            <param index="0">
              <value>
                <![CDATA[public void hybrid.nopcommerce.user.NopCommerce_Search.TC_06_Advance_Search_With_Sub_Category(java.lang.reflect.Method)]]>
              </value>
            </param>
          </params>
          <reporter-output>
            <line>
              <![CDATA[[2022-10-18 22:21:29,038] Step 1: Click on Search link at footer
<br>]]>
            </line>
            <line>
              <![CDATA[[2022-10-18 22:21:29,494] Step 2: Input to Search textbox with data: Apple MacBook Pro
<br>]]>
            </line>
            <line>
              <![CDATA[[2022-10-18 22:21:29,684] Step 3: Click on Advance checkbox
<br>]]>
            </line>
            <line>
              <![CDATA[[2022-10-18 22:21:29,807] Step 4: Select 'Computers' item in category
<br>]]>
            </line>
            <line>
              <![CDATA[[2022-10-18 22:21:29,965] Step 5: Click on 'Automatically search sub categories' checkbox
<br>]]>
            </line>
            <line>
              <![CDATA[[2022-10-18 22:21:30,078] Step 6: Click on Search button
<br>]]>
            </line>
            <line>
              <![CDATA[[2022-10-18 22:21:30,589] Step 7: Verify 'Apple MacBook Pro 13-inch' products display
<br>]]>
            </line>
          </reporter-output>
        </test-method> <!-- TC_06_Advance_Search_With_Sub_Category -->
        <test-method signature="TC_07_Advance_Search_With_Incorrect_Manufacturer(java.lang.reflect.Method)[pri:0, instance:hybrid.nopcommerce.user.NopCommerce_Search@2b30a42c]" started-at="2022-10-18T15:21:30Z" name="TC_07_Advance_Search_With_Incorrect_Manufacturer" finished-at="2022-10-18T15:21:32Z" duration-ms="1764" status="PASS">
          <params>
            <param index="0">
              <value>
                <![CDATA[public void hybrid.nopcommerce.user.NopCommerce_Search.TC_07_Advance_Search_With_Incorrect_Manufacturer(java.lang.reflect.Method)]]>
              </value>
            </param>
          </params>
          <reporter-output>
            <line>
              <![CDATA[[2022-10-18 22:21:30,633] Step 1: Click on Search link at footer
<br>]]>
            </line>
            <line>
              <![CDATA[[2022-10-18 22:21:31,090] Step 2: Input to Search textbox with data: Apple MacBook Pro
<br>]]>
            </line>
            <line>
              <![CDATA[[2022-10-18 22:21:31,264] Step 3: Click on Advance checkbox
<br>]]>
            </line>
            <line>
              <![CDATA[[2022-10-18 22:21:31,394] Step 4: Select 'Computers' item in category
<br>]]>
            </line>
            <line>
              <![CDATA[[2022-10-18 22:21:31,564] Step 5: Click on 'Automatically search sub categories' checkbox
<br>]]>
            </line>
            <line>
              <![CDATA[[2022-10-18 22:21:31,682] Step 6: Select 'HP' item in Manufacturer
<br>]]>
            </line>
            <line>
              <![CDATA[[2022-10-18 22:21:31,862] Step 7: Click on Search button
<br>]]>
            </line>
            <line>
              <![CDATA[[2022-10-18 22:21:32,329] Step 8: Verify the message 'No products were found that matched your criteria.' display
<br>]]>
            </line>
          </reporter-output>
        </test-method> <!-- TC_07_Advance_Search_With_Incorrect_Manufacturer -->
        <test-method signature="TC_08_Advands_Search_With_Parent_Category(java.lang.reflect.Method)[pri:0, instance:hybrid.nopcommerce.user.NopCommerce_Search@2b30a42c]" started-at="2022-10-18T15:21:32Z" name="TC_08_Advands_Search_With_Parent_Category" finished-at="2022-10-18T15:21:34Z" duration-ms="1708" status="PASS">
          <params>
            <param index="0">
              <value>
                <![CDATA[public void hybrid.nopcommerce.user.NopCommerce_Search.TC_08_Advands_Search_With_Parent_Category(java.lang.reflect.Method)]]>
              </value>
            </param>
          </params>
          <reporter-output>
            <line>
              <![CDATA[[2022-10-18 22:21:32,397] Step 1: Click on Search link at footer
<br>]]>
            </line>
            <line>
              <![CDATA[[2022-10-18 22:21:32,844] Step 2: Input to Search textbox with data: Apple MacBook Pro
<br>]]>
            </line>
            <line>
              <![CDATA[[2022-10-18 22:21:33,028] Step 3: Click on Advance checkbox
<br>]]>
            </line>
            <line>
              <![CDATA[[2022-10-18 22:21:33,148] Step 4: Select 'Computers' item in category
<br>]]>
            </line>
            <line>
              <![CDATA[[2022-10-18 22:21:33,317] Step 5: Click on 'Automatically search sub categories' checkbox
<br>]]>
            </line>
            <line>
              <![CDATA[[2022-10-18 22:21:33,443] Step 6: Select 'HP' item in Manufacturer
<br>]]>
            </line>
            <line>
              <![CDATA[[2022-10-18 22:21:33,593] Step 7: Click on Search button
<br>]]>
            </line>
            <line>
              <![CDATA[[2022-10-18 22:21:34,062] Step 8: Verify 'Apple MacBook Pro 13-inch' products display
<br>]]>
            </line>
          </reporter-output>
        </test-method> <!-- TC_08_Advands_Search_With_Parent_Category -->
        <test-method is-config="true" signature="afterClass()[pri:0, instance:hybrid.nopcommerce.user.NopCommerce_Search@2b30a42c]" started-at="2022-10-18T15:21:34Z" name="afterClass" finished-at="2022-10-18T15:21:34Z" duration-ms="804" status="PASS">
          <reporter-output>
            <line>
              <![CDATA[[2022-10-18 22:21:34,106] OS name = windows 10
<br>]]>
            </line>
            <line>
              <![CDATA[[2022-10-18 22:21:34,106] Driver instance name = chromedriver: chrome on windows (8a47196e9185418085ec4092fdd61f8d)
<br>]]>
            </line>
          </reporter-output>
        </test-method> <!-- afterClass -->
      </class> <!-- hybrid.nopcommerce.user.NopCommerce_Search -->
    </test> <!-- Run on Chorme -->
  </suite> <!-- NopCommerce -->
</testng-results>
