<?xml version="1.0" encoding="UTF-8"?>
<!-- Generated by org.testng.reporters.JUnitXMLReporter -->
<testsuite ignored="1" hostname="HoangHiep" failures="0" tests="8" name="Run on Chorme" time="32.543" errors="0" timestamp="18 Oct 2022 15:21:34 GMT">
  <testcase classname="hybrid.nopcommerce.user.NopCommerce_Search" name="TC_01_Search_Empty_Data" time="2.096"/>
  <testcase classname="hybrid.nopcommerce.user.NopCommerce_Search" name="TC_02_Search_With_Data_Not_Exsit" time="1.344"/>
  <testcase classname="hybrid.nopcommerce.user.NopCommerce_Search" name="TC_03_Search_With_Product_Name" time="1.52"/>
  <testcase classname="hybrid.nopcommerce.user.NopCommerce_Search" name="TC_04_Search_With_Product_Name" time="1.14"/>
  <testcase classname="hybrid.nopcommerce.user.NopCommerce_Search" name="TC_05_Advance_Search_With_Parent_Category" time="1.482"/>
  <testcase classname="hybrid.nopcommerce.user.NopCommerce_Search" name="TC_06_Advance_Search_With_Sub_Category" time="1.594"/>
  <testcase classname="hybrid.nopcommerce.user.NopCommerce_Search" name="TC_07_Advance_Search_With_Incorrect_Manufacturer" time="1.764"/>
  <testcase classname="hybrid.nopcommerce.user.NopCommerce_Search" name="TC_08_Advands_Search_With_Parent_Category" time="1.708"/>
  <testcase classname="commons.BaseTest" name="@BeforeSuite initBeforeSuite" time="0.0">
    <ignored/>
  </testcase> <!-- @BeforeSuite initBeforeSuite -->
</testsuite> <!-- Run on Chorme -->
